  [4;36;1mSQL (0.1ms)[0m   [0;1mSET NAMES 'utf8'[0m
  [4;35;1mSQL (0.1ms)[0m   [0mSET SQL_AUTO_IS_NULL=0[0m


Processing HomeController#index (for 127.0.0.1 at 2010-07-01 09:25:48) [GET]
Rendering home/index
Completed in 35ms (View: 34, DB: 0) | 200 OK [http://localhost/home/index]
  [4;36;1mSQL (0.1ms)[0m   [0;1mSET NAMES 'utf8'[0m
  [4;35;1mSQL (0.1ms)[0m   [0mSET SQL_AUTO_IS_NULL=0[0m


Processing HomeController#index (for 127.0.0.1 at 2010-07-01 09:30:05) [GET]
Rendering home/index
Completed in 2ms (View: 1, DB: 0) | 200 OK [http://localhost/]
  [4;36;1mSQL (0.1ms)[0m   [0;1mSET NAMES 'utf8'[0m
  [4;35;1mSQL (0.1ms)[0m   [0mSET SQL_AUTO_IS_NULL=0[0m
  [4;36;1mMeteringHoEntry Columns (0.9ms)[0m   [0;1mSHOW FIELDS FROM `metering_ho_entries`[0m
  [4;36;1mSQL (0.1ms)[0m   [0;1mSET NAMES 'utf8'[0m
  [4;35;1mSQL (0.1ms)[0m   [0mSET SQL_AUTO_IS_NULL=0[0m
  [4;36;1mMeteringHoEntry Columns (0.8ms)[0m   [0;1mSHOW FIELDS FROM `metering_ho_entries`[0m
  [4;36;1mSQL (0.1ms)[0m   [0;1mSET NAMES 'utf8'[0m
  [4;35;1mSQL (0.0ms)[0m   [0mSET SQL_AUTO_IS_NULL=0[0m
  [4;36;1mSQL (0.3ms)[0m   [0;1mSHOW TABLES[0m
  [4;35;1mSQL (4.7ms)[0m   [0mCREATE TABLE `schema_migrations` (`version` varchar(255) NOT NULL) ENGINE=InnoDB[0m
  [4;36;1mSQL (0.2ms)[0m   [0;1mSHOW KEYS FROM `schema_migrations`[0m
  [4;35;1mSQL (40.6ms)[0m   [0mCREATE UNIQUE INDEX `unique_schema_migrations` ON `schema_migrations` (`version`)[0m
  [4;36;1mSQL (0.3ms)[0m   [0;1mSHOW TABLES[0m
  [4;35;1mSQL (0.2ms)[0m   [0mSELECT version FROM schema_migrations[0m
Migrating to CreateEntries (20100701063610)
  [4;36;1mSQL (24.9ms)[0m   [0;1mCREATE TABLE `entries` (`id` int(11) DEFAULT NULL auto_increment PRIMARY KEY, `created_at` datetime, `updated_at` datetime) ENGINE=InnoDB[0m
  [4;35;1mSQL (0.4ms)[0m   [0mINSERT INTO schema_migrations (version) VALUES ('20100701063610')[0m
  [4;36;1mSQL (0.2ms)[0m   [0;1mSHOW TABLES[0m
  [4;35;1mSQL (0.1ms)[0m   [0mSELECT version FROM schema_migrations[0m
  [4;36;1mSQL (0.2ms)[0m   [0;1mSHOW TABLES[0m
  [4;35;1mSQL (0.6ms)[0m   [0mSHOW FIELDS FROM `entries`[0m
  [4;36;1mSQL (0.4ms)[0m   [0;1mdescribe `entries`[0m
  [4;35;1mSQL (0.2ms)[0m   [0mSHOW KEYS FROM `entries`[0m
  [4;36;1mSQL (0.6ms)[0m   [0;1mSHOW FIELDS FROM `int_converted_entries`[0m
  [4;35;1mSQL (0.5ms)[0m   [0mdescribe `int_converted_entries`[0m
  [4;36;1mSQL (0.1ms)[0m   [0;1mSHOW KEYS FROM `int_converted_entries`[0m
  [4;35;1mSQL (0.5ms)[0m   [0mSHOW FIELDS FROM `metering_ho_entries`[0m
  [4;36;1mSQL (0.5ms)[0m   [0;1mdescribe `metering_ho_entries`[0m
  [4;35;1mSQL (0.7ms)[0m   [0mSHOW KEYS FROM `metering_ho_entries`[0m
  [4;36;1mSQL (1.0ms)[0m   [0;1mSHOW FIELDS FROM `metering_sd_entries`[0m
  [4;35;1mSQL (0.9ms)[0m   [0mdescribe `metering_sd_entries`[0m
  [4;36;1mSQL (0.9ms)[0m   [0;1mSHOW KEYS FROM `metering_sd_entries`[0m
  [4;35;1mSQL (0.9ms)[0m   [0mSHOW FIELDS FROM `metering_workday_entries`[0m
  [4;36;1mSQL (0.9ms)[0m   [0;1mdescribe `metering_workday_entries`[0m
  [4;35;1mSQL (0.6ms)[0m   [0mSHOW KEYS FROM `metering_workday_entries`[0m
  [4;36;1mSQL (0.6ms)[0m   [0;1mSHOW FIELDS FROM `tamak_ho_entries`[0m
  [4;35;1mSQL (0.6ms)[0m   [0mdescribe `tamak_ho_entries`[0m
  [4;36;1mSQL (0.4ms)[0m   [0;1mSHOW KEYS FROM `tamak_ho_entries`[0m
  [4;35;1mSQL (0.9ms)[0m   [0mSHOW FIELDS FROM `tamak_sd_entries`[0m
  [4;36;1mSQL (0.9ms)[0m   [0;1mdescribe `tamak_sd_entries`[0m
  [4;35;1mSQL (0.4ms)[0m   [0mSHOW KEYS FROM `tamak_sd_entries`[0m
  [4;36;1mSQL (0.9ms)[0m   [0;1mSHOW FIELDS FROM `tamak_workday_entries`[0m
  [4;35;1mSQL (0.9ms)[0m   [0mdescribe `tamak_workday_entries`[0m
  [4;36;1mSQL (0.8ms)[0m   [0;1mSHOW KEYS FROM `tamak_workday_entries`[0m
  [4;36;1mSQL (0.1ms)[0m   [0;1mSET NAMES 'utf8'[0m
  [4;35;1mSQL (0.1ms)[0m   [0mSET SQL_AUTO_IS_NULL=0[0m


Processing ApplicationController#index (for 127.0.0.1 at 2010-07-01 10:09:20) [GET]

ActionController::RoutingError (No route matches "/list/" with {:method=>:get}):
  <internal:prelude>:8:in `synchronize'
  /usr/local/lib/ruby/1.9.1/webrick/httpserver.rb:111:in `service'
  /usr/local/lib/ruby/1.9.1/webrick/httpserver.rb:70:in `run'
  /usr/local/lib/ruby/1.9.1/webrick/server.rb:183:in `block in start_thread'

Rendering rescues/layout (not_found)
  [4;36;1mSQL (0.1ms)[0m   [0;1mSET NAMES 'utf8'[0m
  [4;35;1mSQL (0.1ms)[0m   [0mSET SQL_AUTO_IS_NULL=0[0m


Processing ApplicationController#index (for 127.0.0.1 at 2010-07-01 10:09:27) [GET]

ActionController::RoutingError (No route matches "/list/1" with {:method=>:get}):
  <internal:prelude>:8:in `synchronize'
  /usr/local/lib/ruby/1.9.1/webrick/httpserver.rb:111:in `service'
  /usr/local/lib/ruby/1.9.1/webrick/httpserver.rb:70:in `run'
  /usr/local/lib/ruby/1.9.1/webrick/server.rb:183:in `block in start_thread'

Rendering rescues/layout (not_found)
  [4;36;1mSQL (0.1ms)[0m   [0;1mSET NAMES 'utf8'[0m
  [4;35;1mSQL (0.1ms)[0m   [0mSET SQL_AUTO_IS_NULL=0[0m


Processing HomeController#index (for 127.0.0.1 at 2010-07-01 10:17:31) [GET]
Rendering home/index
Completed in 12ms (View: 10, DB: 0) | 200 OK [http://localhost/]
  [4;36;1mSQL (0.1ms)[0m   [0;1mSET NAMES 'utf8'[0m
  [4;35;1mSQL (0.0ms)[0m   [0mSET SQL_AUTO_IS_NULL=0[0m


Processing HomeController#index (for 127.0.0.1 at 2010-07-01 10:17:34) [GET]
Rendering home/index
Completed in 2ms (View: 1, DB: 0) | 200 OK [http://localhost/]
  [4;36;1mSQL (0.1ms)[0m   [0;1mSET NAMES 'utf8'[0m
  [4;35;1mSQL (0.0ms)[0m   [0mSET SQL_AUTO_IS_NULL=0[0m


Processing HomeController#index (for 127.0.0.1 at 2010-07-01 10:17:36) [GET]
Rendering home/index
Completed in 2ms (View: 1, DB: 0) | 200 OK [http://localhost/]
  [4;36;1mSQL (0.1ms)[0m   [0;1mSET NAMES 'utf8'[0m
  [4;35;1mSQL (0.0ms)[0m   [0mSET SQL_AUTO_IS_NULL=0[0m


Processing HomeController#index (for 127.0.0.1 at 2010-07-01 10:17:58) [GET]
Rendering home/index
Completed in 2ms (View: 1, DB: 0) | 200 OK [http://localhost/]
  [4;36;1mSQL (0.1ms)[0m   [0;1mSET NAMES 'utf8'[0m
  [4;35;1mSQL (0.0ms)[0m   [0mSET SQL_AUTO_IS_NULL=0[0m


Processing HomeController#index (for 127.0.0.1 at 2010-07-01 10:18:24) [GET]
Rendering home/index
Completed in 2ms (View: 1, DB: 0) | 200 OK [http://localhost/]
  [4;36;1mSQL (0.1ms)[0m   [0;1mSET NAMES 'utf8'[0m
  [4;35;1mSQL (0.1ms)[0m   [0mSET SQL_AUTO_IS_NULL=0[0m


Processing HomeController#index (for 127.0.0.1 at 2010-07-01 10:20:04) [GET]
Rendering home/index
Completed in 2ms (View: 1, DB: 0) | 200 OK [http://localhost/]
  [4;36;1mSQL (0.1ms)[0m   [0;1mSET NAMES 'utf8'[0m
  [4;35;1mSQL (0.1ms)[0m   [0mSET SQL_AUTO_IS_NULL=0[0m


Processing HomeController#index (for 127.0.0.1 at 2010-07-01 10:20:35) [GET]
Rendering home/index
Completed in 2ms (View: 1, DB: 0) | 200 OK [http://127.0.0.1/]
  [4;36;1mSQL (0.1ms)[0m   [0;1mSET NAMES 'utf8'[0m
  [4;35;1mSQL (0.1ms)[0m   [0mSET SQL_AUTO_IS_NULL=0[0m


Processing ApplicationController#index (for 127.0.0.1 at 2010-07-01 11:14:55) [GET]

ActionController::RoutingError (No route matches "/manage/" with {:method=>:get}):
  <internal:prelude>:8:in `synchronize'
  /usr/local/lib/ruby/1.9.1/webrick/httpserver.rb:111:in `service'
  /usr/local/lib/ruby/1.9.1/webrick/httpserver.rb:70:in `run'
  /usr/local/lib/ruby/1.9.1/webrick/server.rb:183:in `block in start_thread'

Rendering rescues/layout (not_found)
  [4;36;1mSQL (0.1ms)[0m   [0;1mSET NAMES 'utf8'[0m
  [4;35;1mSQL (0.1ms)[0m   [0mSET SQL_AUTO_IS_NULL=0[0m


Processing HomeController#index (for 127.0.0.1 at 2010-07-01 11:15:05) [GET]
Rendering home/index
Completed in 12ms (View: 10, DB: 0) | 200 OK [http://127.0.0.1/]
  [4;36;1mSQL (0.1ms)[0m   [0;1mSET NAMES 'utf8'[0m
  [4;35;1mSQL (0.1ms)[0m   [0mSET SQL_AUTO_IS_NULL=0[0m


Processing HomeController#index (for 127.0.0.1 at 2010-07-01 11:15:26) [GET]
Rendering home/index
Completed in 2ms (View: 1, DB: 0) | 200 OK [http://localhost/]
  [4;36;1mSQL (0.1ms)[0m   [0;1mSET NAMES 'utf8'[0m
  [4;35;1mSQL (0.1ms)[0m   [0mSET SQL_AUTO_IS_NULL=0[0m


Processing HomeController#index (for 127.0.0.1 at 2010-07-01 11:16:37) [GET]
Rendering home/index
Completed in 2ms (View: 1, DB: 0) | 200 OK [http://localhost/]
  [4;36;1mSQL (0.1ms)[0m   [0;1mSET NAMES 'utf8'[0m
  [4;35;1mSQL (0.0ms)[0m   [0mSET SQL_AUTO_IS_NULL=0[0m


Processing HomeController#index (for 127.0.0.1 at 2010-07-01 11:16:39) [GET]
Rendering home/index
Completed in 2ms (View: 1, DB: 0) | 200 OK [http://localhost/]
  [4;36;1mSQL (0.1ms)[0m   [0;1mSET NAMES 'utf8'[0m
  [4;35;1mSQL (0.1ms)[0m   [0mSET SQL_AUTO_IS_NULL=0[0m


Processing HomeController#index (for 127.0.0.1 at 2010-07-01 11:18:23) [GET]
Rendering home/index
Completed in 2ms (View: 1, DB: 0) | 200 OK [http://localhost/]
